<?xml version="1.0" encoding="UTF-8"?>
<!-- Generated by org.testng.reporters.JUnitXMLReporter -->
<testsuite hostname="LAPTOP-7BFTBBFH" ignored="0" name="Command line test" tests="2" failures="2" timestamp="21 Sep 2021 19:22:03 GMT" time="0.097" errors="0">
  <testcase name="validUserShouldBeAbleToAddCustomer" time="0.023" classname="test.AddCustomerTest">
    <failure type="java.lang.NullPointerException">
      <![CDATA[java.lang.NullPointerException
at util.BrowserFactory.init(BrowserFactory.java:40)
at test.AddCustomerTest.validUserShouldBeAbleToAddCustomer(AddCustomerTest.java:33)
... Removed 35 stack frames]]>
    </failure>
  </testcase> <!-- validUserShouldBeAbleToAddCustomer -->
  <testcase name="validUserShouldBeAbleToLogin" time="0.002" classname="test.LoginTest">
    <failure type="java.lang.NullPointerException">
      <![CDATA[java.lang.NullPointerException
at util.BrowserFactory.init(BrowserFactory.java:40)
at test.LoginTest.validUserShouldBeAbleToLogin(LoginTest.java:23)
... Removed 35 stack frames]]>
    </failure>
  </testcase> <!-- validUserShouldBeAbleToLogin -->
</testsuite> <!-- Command line test -->
