<?xml version="1.0" encoding="UTF-8" ?>
<testsuite tests="2" failures="2" name="TestSuite" time="0.037" errors="0" skipped="0">
  <properties>
[...]
</properties>
  <testcase classname="test.AddCustomerTest" name="validUserShouldBeAbleToAddCustomer" time="0.036">
    <failure type="java.lang.NullPointerException">java.lang.NullPointerException
	at util.BrowserFactory.init(BrowserFactory.java:40)
	at test.AddCustomerTest.validUserShouldBeAbleToAddCustomer(AddCustomerTest.java:33)
</failure>
    <system-out>Configuring TestNG with: org.apache.maven.surefire.testng.conf.TestNG652Configurator@6d86b085
Browser used: null
</system-out>
  </testcase>
  <testcase classname="test.LoginTest" name="validUserShouldBeAbleToLogin" time="0.001">
    <failure type="java.lang.NullPointerException">java.lang.NullPointerException
	at util.BrowserFactory.init(BrowserFactory.java:40)
	at test.LoginTest.validUserShouldBeAbleToLogin(LoginTest.java:23)
</failure>
    <system-out>Browser used: null
</system-out>
  </testcase>
</testsuite>